0 info it worked if it ends with ok
1 verbose cli [ 'C:\\Program Files\\nodejs\\node.exe',
1 verbose cli   'C:\\Program Files\\nodejs\\node_modules\\npm\\bin\\npm-cli.js',
1 verbose cli   'publish' ]
2 info using npm@3.7.3
3 info using node@v5.9.1
4 verbose publish [ '.' ]
5 silly cache add args [ '.', null ]
6 verbose cache add spec .
7 silly cache add parsed spec Result {
7 silly cache add   raw: '.',
7 silly cache add   scope: null,
7 silly cache add   name: null,
7 silly cache add   rawSpec: '.',
7 silly cache add   spec: 'D:\\projets\\w3c-html',
7 silly cache add   type: 'directory' }
8 verbose addLocalDirectory C:\Users\rcd18\AppData\Roaming\npm-cache\gulp-w3c-html\1.0.0\package.tgz not in flight; packing
9 verbose correctMkdir C:\Users\rcd18\AppData\Roaming\npm-cache correctMkdir not in flight; initializing
10 info lifecycle gulp-w3c-html@1.0.0~prepublish: gulp-w3c-html@1.0.0
11 silly lifecycle gulp-w3c-html@1.0.0~prepublish: no script for prepublish, continuing
12 verbose tar pack [ 'C:\\Users\\rcd18\\AppData\\Roaming\\npm-cache\\gulp-w3c-html\\1.0.0\\package.tgz',
12 verbose tar pack   'D:\\projets\\w3c-html' ]
13 verbose tarball C:\Users\rcd18\AppData\Roaming\npm-cache\gulp-w3c-html\1.0.0\package.tgz
14 verbose folder D:\projets\w3c-html
15 verbose addLocalTarball adding from inside cache C:\Users\rcd18\AppData\Roaming\npm-cache\gulp-w3c-html\1.0.0\package.tgz
16 verbose correctMkdir C:\Users\rcd18\AppData\Roaming\npm-cache correctMkdir not in flight; initializing
17 silly cache afterAdd gulp-w3c-html@1.0.0
18 verbose afterAdd C:\Users\rcd18\AppData\Roaming\npm-cache\gulp-w3c-html\1.0.0\package\package.json not in flight; writing
19 verbose correctMkdir C:\Users\rcd18\AppData\Roaming\npm-cache correctMkdir not in flight; initializing
20 verbose afterAdd C:\Users\rcd18\AppData\Roaming\npm-cache\gulp-w3c-html\1.0.0\package\package.json written
21 silly publish { name: 'gulp-w3c-html',
21 silly publish   version: '1.0.0',
21 silly publish   description: 'An html checker with w3c standard',
21 silly publish   main: 'lib/gulp-w3c-html.js',
21 silly publish   scripts: { test: 'echo "Error: no test specified" && exit 1' },
21 silly publish   author: { name: 'miton18', email: 'rcd18@hotmail.fr' },
21 silly publish   license: 'MIT',
21 silly publish   dependencies:
21 silly publish    { colors: '^1.1.2',
21 silly publish      'gulp-util': '^3.0.7',
21 silly publish      request: '^2.69.0',
21 silly publish      through2: '^2.0.1',
21 silly publish      util: '^0.10.3' },
21 silly publish   readme: '# gulp-w3c-html\r\n\r\nAn html checker with W3C rules\r\n\r\n# How to use it\r\n\r\n\r\n    npm install gulp-w3c-html\r\n\r\n### \r\n\r\n    w3cHtml = require("gulp-w3c-html");\r\n    gulp.src("./*.html")\r\n    .pipe(w3cHtml());',
21 silly publish   readmeFilename: 'README.md',
21 silly publish   gitHead: 'fe39842ca11d9721d86e58d2630032c5e9e8596c',
21 silly publish   _id: 'gulp-w3c-html@1.0.0',
21 silly publish   _shasum: '48f97c32d6c40d4487b765cfdf56c5d9d192111f',
21 silly publish   _from: '.' }
22 verbose getPublishConfig undefined
23 silly mapToRegistry name gulp-w3c-html
24 silly mapToRegistry using default registry
25 silly mapToRegistry registry https://registry.npmjs.org/
26 silly mapToRegistry uri https://registry.npmjs.org/gulp-w3c-html
27 verbose publish registryBase https://registry.npmjs.org/
28 silly publish uploading C:\Users\rcd18\AppData\Roaming\npm-cache\gulp-w3c-html\1.0.0\package.tgz
29 verbose request uri https://registry.npmjs.org/gulp-w3c-html
30 verbose request sending authorization for write operation
31 info attempt registry request try #1 at 14:33:49
32 verbose request using bearer token for auth
33 verbose request id 6cf19b891275316e
34 http request PUT https://registry.npmjs.org/gulp-w3c-html
35 http 403 https://registry.npmjs.org/gulp-w3c-html
36 verbose headers { 'content-type': 'application/json',
36 verbose headers   'cache-control': 'max-age=300',
36 verbose headers   'content-length': '95',
36 verbose headers   'accept-ranges': 'bytes',
36 verbose headers   date: 'Sun, 27 Mar 2016 12:33:53 GMT',
36 verbose headers   via: '1.1 varnish',
36 verbose headers   connection: 'keep-alive',
36 verbose headers   'x-served-by': 'cache-fra1221-FRA',
36 verbose headers   'x-cache': 'MISS',
36 verbose headers   'x-cache-hits': '0',
36 verbose headers   'x-timer': 'S1459082031.810909,VS0,VE1288' }
37 verbose request invalidating C:\Users\rcd18\AppData\Roaming\npm-cache\registry.npmjs.org\gulp-w3c-html on PUT
38 error publish Failed PUT 403
39 verbose stack Error: "You cannot publish over the previously published version 1.0.0." : gulp-w3c-html
39 verbose stack     at makeError (C:\Users\rcd18\AppData\Roaming\nvm\v5.9.1\node_modules\npm\node_modules\npm-registry-client\lib\request.js:264:12)
39 verbose stack     at CachingRegistryClient.<anonymous> (C:\Users\rcd18\AppData\Roaming\nvm\v5.9.1\node_modules\npm\node_modules\npm-registry-client\lib\request.js:252:14)
39 verbose stack     at Request._callback (C:\Users\rcd18\AppData\Roaming\nvm\v5.9.1\node_modules\npm\node_modules\npm-registry-client\lib\request.js:172:14)
39 verbose stack     at Request.self.callback (C:\Users\rcd18\AppData\Roaming\nvm\v5.9.1\node_modules\npm\node_modules\request\request.js:199:22)
39 verbose stack     at emitTwo (events.js:100:13)
39 verbose stack     at Request.emit (events.js:185:7)
39 verbose stack     at Request.<anonymous> (C:\Users\rcd18\AppData\Roaming\nvm\v5.9.1\node_modules\npm\node_modules\request\request.js:1036:10)
39 verbose stack     at emitOne (events.js:95:20)
39 verbose stack     at Request.emit (events.js:182:7)
39 verbose stack     at IncomingMessage.<anonymous> (C:\Users\rcd18\AppData\Roaming\nvm\v5.9.1\node_modules\npm\node_modules\request\request.js:963:12)
40 verbose statusCode 403
41 verbose pkgid gulp-w3c-html
42 verbose cwd D:\projets\w3c-html
43 error Windows_NT 10.0.10586
44 error argv "C:\\Program Files\\nodejs\\node.exe" "C:\\Program Files\\nodejs\\node_modules\\npm\\bin\\npm-cli.js" "publish"
45 error node v5.9.1
46 error npm  v3.7.3
47 error code E403
48 error "You cannot publish over the previously published version 1.0.0." : gulp-w3c-html
49 error If you need help, you may report this error at:
49 error     <https://github.com/npm/npm/issues>
50 verbose exit [ 1, true ]
